<?xml version="1.0" encoding="UTF-8"?>
<!-- Generated by org.testng.reporters.JUnitReportReporter -->
<testsuite hostname="LSTKMY234357" failures="0" tests="4" name="prueba.Class" time="2.529" errors="0" timestamp="2023-02-02T16:01:55 CST" skipped="0">
  <testcase classname="prueba.Class" name="logOut" time="0.163"/>
  <system-out/>
  <testcase classname="prueba.Class" name="userCheckout" time="1.422"/>
  <system-out/>
  <testcase classname="prueba.Class" name="TC_002" time="0.506"/>
  <system-out/>
  <testcase classname="prueba.Class" name="resetApp" time="0.438"/>
  <system-out/>
</testsuite> <!-- prueba.Class -->
